<?xml version="1.0" encoding="UTF-8"?>
<coverage generated="1664903462530" clover="3.2.0">
  <project timestamp="1664903462531" name="All files">
    <metrics statements="121" coveredstatements="56" conditionals="45" coveredconditionals="10" methods="30" coveredmethods="16" elements="196" coveredelements="82" complexity="0" loc="121" ncloc="121" packages="6" files="11" classes="11"/>
    <package name="src">
      <metrics statements="6" coveredstatements="6" conditionals="0" coveredconditionals="0" methods="2" coveredmethods="2"/>
      <file name="test-utils.js" path="/home/apolimax/www/youtube/netninja/mern/frontend/src/test-utils.js">
        <metrics statements="6" coveredstatements="6" conditionals="0" coveredconditionals="0" methods="2" coveredmethods="2"/>
        <line num="10" count="6" type="stmt"/>
        <line num="11" count="11" type="stmt"/>
        <line num="17" count="11" type="stmt"/>
        <line num="38" count="11" type="stmt"/>
        <line num="49" count="6" type="stmt"/>
        <line num="50" count="11" type="stmt"/>
      </file>
    </package>
    <package name="src.components">
      <metrics statements="61" coveredstatements="27" conditionals="24" coveredconditionals="5" methods="12" coveredmethods="8"/>
      <file name="EditReport.js" path="/home/apolimax/www/youtube/netninja/mern/frontend/src/components/EditReport.js">
        <metrics statements="25" coveredstatements="9" conditionals="10" coveredconditionals="1" methods="4" coveredmethods="3"/>
        <line num="7" count="15" type="stmt"/>
        <line num="8" count="15" type="stmt"/>
        <line num="10" count="15" type="stmt"/>
        <line num="11" count="15" type="stmt"/>
        <line num="12" count="15" type="stmt"/>
        <line num="14" count="15" type="stmt"/>
        <line num="15" count="0" type="stmt"/>
        <line num="17" count="0" type="cond" truecount="0" falsecount="4"/>
        <line num="18" count="0" type="stmt"/>
        <line num="19" count="0" type="stmt"/>
        <line num="22" count="0" type="cond" truecount="0" falsecount="2"/>
        <line num="23" count="0" type="stmt"/>
        <line num="24" count="0" type="stmt"/>
        <line num="27" count="0" type="stmt"/>
        <line num="29" count="0" type="stmt"/>
        <line num="38" count="0" type="stmt"/>
        <line num="40" count="0" type="cond" truecount="0" falsecount="2"/>
        <line num="41" count="0" type="stmt"/>
        <line num="42" count="0" type="stmt"/>
        <line num="44" count="0" type="stmt"/>
        <line num="45" count="0" type="stmt"/>
        <line num="46" count="0" type="stmt"/>
        <line num="50" count="15" type="stmt"/>
        <line num="57" count="10" type="stmt"/>
        <line num="64" count="2" type="stmt"/>
      </file>
      <file name="Navbar.js" path="/home/apolimax/www/youtube/netninja/mern/frontend/src/components/Navbar.js">
        <metrics statements="6" coveredstatements="5" conditionals="2" coveredconditionals="1" methods="2" coveredmethods="1"/>
        <line num="5" count="1" type="stmt"/>
        <line num="6" count="1" type="stmt"/>
        <line num="7" count="1" type="stmt"/>
        <line num="9" count="1" type="stmt"/>
        <line num="10" count="0" type="stmt"/>
        <line num="13" count="1" type="stmt"/>
      </file>
      <file name="ReportDetails.js" path="/home/apolimax/www/youtube/netninja/mern/frontend/src/components/ReportDetails.js">
        <metrics statements="3" coveredstatements="2" conditionals="0" coveredconditionals="0" methods="2" coveredmethods="1"/>
        <line num="3" count="2" type="stmt"/>
        <line num="4" count="3" type="stmt"/>
        <line num="20" count="0" type="stmt"/>
      </file>
      <file name="ReportForm.js" path="/home/apolimax/www/youtube/netninja/mern/frontend/src/components/ReportForm.js">
        <metrics statements="27" coveredstatements="11" conditionals="12" coveredconditionals="3" methods="4" coveredmethods="3"/>
        <line num="5" count="2" type="stmt"/>
        <line num="6" count="10" type="stmt"/>
        <line num="7" count="10" type="stmt"/>
        <line num="9" count="10" type="stmt"/>
        <line num="10" count="10" type="stmt"/>
        <line num="11" count="10" type="stmt"/>
        <line num="12" count="10" type="stmt"/>
        <line num="14" count="10" type="stmt"/>
        <line num="15" count="0" type="stmt"/>
        <line num="17" count="0" type="cond" truecount="0" falsecount="2"/>
        <line num="18" count="0" type="stmt"/>
        <line num="19" count="0" type="stmt"/>
        <line num="22" count="0" type="stmt"/>
        <line num="24" count="0" type="stmt"/>
        <line num="32" count="0" type="stmt"/>
        <line num="34" count="0" type="cond" truecount="0" falsecount="2"/>
        <line num="35" count="0" type="stmt"/>
        <line num="36" count="0" type="stmt"/>
        <line num="38" count="0" type="cond" truecount="0" falsecount="2"/>
        <line num="39" count="0" type="stmt"/>
        <line num="40" count="0" type="stmt"/>
        <line num="41" count="0" type="stmt"/>
        <line num="42" count="0" type="stmt"/>
        <line num="43" count="0" type="stmt"/>
        <line num="47" count="10" type="stmt"/>
        <line num="55" count="6" type="stmt"/>
        <line num="64" count="1" type="stmt"/>
      </file>
    </package>
    <package name="src.context">
      <metrics statements="24" coveredstatements="3" conditionals="11" coveredconditionals="0" methods="6" coveredmethods="0"/>
      <file name="schoolReportContext.js" path="/home/apolimax/www/youtube/netninja/mern/frontend/src/context/schoolReportContext.js">
        <metrics statements="24" coveredstatements="3" conditionals="11" coveredconditionals="0" methods="6" coveredmethods="0"/>
        <line num="4" count="6" type="stmt"/>
        <line num="6" count="6" type="stmt"/>
        <line num="7" count="0" type="cond" truecount="0" falsecount="5"/>
        <line num="9" count="0" type="stmt"/>
        <line num="13" count="0" type="stmt"/>
        <line num="17" count="0" type="stmt"/>
        <line num="19" count="0" type="stmt"/>
        <line num="23" count="0" type="stmt"/>
        <line num="25" count="0" type="cond" truecount="0" falsecount="2"/>
        <line num="26" count="0" type="stmt"/>
        <line num="28" count="0" type="stmt"/>
        <line num="32" count="0" type="stmt"/>
        <line num="36" count="6" type="stmt"/>
        <line num="37" count="0" type="stmt"/>
        <line num="41" count="0" type="stmt"/>
        <line num="43" count="0" type="stmt"/>
        <line num="44" count="0" type="stmt"/>
        <line num="45" count="0" type="stmt"/>
        <line num="50" count="0" type="stmt"/>
        <line num="52" count="0" type="cond" truecount="0" falsecount="2"/>
        <line num="53" count="0" type="stmt"/>
        <line num="57" count="0" type="cond" truecount="0" falsecount="2"/>
        <line num="58" count="0" type="stmt"/>
        <line num="62" count="0" type="stmt"/>
      </file>
    </package>
    <package name="src.hooks">
      <metrics statements="5" coveredstatements="4" conditionals="2" coveredconditionals="1" methods="1" coveredmethods="1"/>
      <file name="useSchoolReportContext.js" path="/home/apolimax/www/youtube/netninja/mern/frontend/src/hooks/useSchoolReportContext.js">
        <metrics statements="5" coveredstatements="4" conditionals="2" coveredconditionals="1" methods="1" coveredmethods="1"/>
        <line num="4" count="5" type="stmt"/>
        <line num="5" count="27" type="stmt"/>
        <line num="7" count="27" type="cond" truecount="1" falsecount="1"/>
        <line num="8" count="0" type="stmt"/>
        <line num="13" count="27" type="stmt"/>
      </file>
    </package>
    <package name="src.mocks">
      <metrics statements="4" coveredstatements="2" conditionals="0" coveredconditionals="0" methods="2" coveredmethods="0"/>
      <file name="handlers.js" path="/home/apolimax/www/youtube/netninja/mern/frontend/src/mocks/handlers.js">
        <metrics statements="3" coveredstatements="1" conditionals="0" coveredconditionals="0" methods="2" coveredmethods="0"/>
        <line num="3" count="6" type="stmt"/>
        <line num="5" count="0" type="stmt"/>
        <line num="30" count="0" type="stmt"/>
      </file>
      <file name="server.js" path="/home/apolimax/www/youtube/netninja/mern/frontend/src/mocks/server.js">
        <metrics statements="1" coveredstatements="1" conditionals="0" coveredconditionals="0" methods="0" coveredmethods="0"/>
        <line num="6" count="6" type="stmt"/>
      </file>
    </package>
    <package name="src.pages">
      <metrics statements="21" coveredstatements="14" conditionals="8" coveredconditionals="4" methods="7" coveredmethods="5"/>
      <file name="Home.js" path="/home/apolimax/www/youtube/netninja/mern/frontend/src/pages/Home.js">
        <metrics statements="11" coveredstatements="6" conditionals="6" coveredconditionals="2" methods="3" coveredmethods="2"/>
        <line num="7" count="1" type="stmt"/>
        <line num="8" count="1" type="stmt"/>
        <line num="9" count="1" type="stmt"/>
        <line num="11" count="1" type="stmt"/>
        <line num="12" count="0" type="cond" truecount="0" falsecount="2"/>
        <line num="14" count="0" type="stmt"/>
        <line num="20" count="0" type="stmt"/>
        <line num="22" count="0" type="cond" truecount="0" falsecount="2"/>
        <line num="23" count="0" type="stmt"/>
        <line num="27" count="1" type="stmt"/>
        <line num="32" count="2" type="stmt"/>
      </file>
      <file name="Signin.js" path="/home/apolimax/www/youtube/netninja/mern/frontend/src/pages/Signin.js">
        <metrics statements="10" coveredstatements="8" conditionals="2" coveredconditionals="2" methods="4" coveredmethods="3"/>
        <line num="4" count="1" type="stmt"/>
        <line num="5" count="19" type="stmt"/>
        <line num="6" count="19" type="stmt"/>
        <line num="8" count="19" type="stmt"/>
        <line num="10" count="19" type="stmt"/>
        <line num="11" count="0" type="stmt"/>
        <line num="13" count="0" type="stmt"/>
        <line num="16" count="19" type="stmt"/>
        <line num="26" count="13" type="stmt"/>
        <line num="34" count="3" type="stmt"/>
      </file>
    </package>
  </project>
</coverage>
