{"/home/apolimax/www/youtube/netninja/mern/frontend/src/test-utils.js": {"path":"/home/apolimax/www/youtube/netninja/mern/frontend/src/test-utils.js","statementMap":{"0":{"start":{"line":10,"column":24},"end":{"line":47,"column":1}},"1":{"start":{"line":11,"column":15},"end":{"line":15,"column":3}},"2":{"start":{"line":17,"column":18},"end":{"line":36,"column":3}},"3":{"start":{"line":38,"column":2},"end":{"line":46,"column":4}},"4":{"start":{"line":49,"column":21},"end":{"line":50,"column":54}},"5":{"start":{"line":50,"column":2},"end":{"line":50,"column":54}}},"fnMap":{"0":{"name":"(anonymous_0)","decl":{"start":{"line":10,"column":24},"end":{"line":10,"column":25}},"loc":{"start":{"line":10,"column":42},"end":{"line":47,"column":1}},"line":10},"1":{"name":"(anonymous_1)","decl":{"start":{"line":49,"column":21},"end":{"line":49,"column":22}},"loc":{"start":{"line":50,"column":2},"end":{"line":50,"column":54}},"line":50}},"branchMap":{},"s":{"0":6,"1":11,"2":11,"3":11,"4":6,"5":11},"f":{"0":11,"1":11},"b":{},"_coverageSchema":"1a1c01bbd47fc00a2c39e90264f33305004495a9","hash":"4a1c55586e5bcff2f32d346017373e1b030108ec"}
,"/home/apolimax/www/youtube/netninja/mern/frontend/src/components/EditReport.js": {"path":"/home/apolimax/www/youtube/netninja/mern/frontend/src/components/EditReport.js","statementMap":{"0":{"start":{"line":7,"column":19},"end":{"line":7,"column":35}},"1":{"start":{"line":8,"column":23},"end":{"line":8,"column":47}},"2":{"start":{"line":10,"column":42},"end":{"line":10,"column":59}},"3":{"start":{"line":11,"column":38},"end":{"line":11,"column":53}},"4":{"start":{"line":12,"column":28},"end":{"line":12,"column":42}},"5":{"start":{"line":14,"column":27},"end":{"line":48,"column":3}},"6":{"start":{"line":15,"column":4},"end":{"line":15,"column":23}},"7":{"start":{"line":17,"column":4},"end":{"line":20,"column":5}},"8":{"start":{"line":18,"column":6},"end":{"line":18,"column":40}},"9":{"start":{"line":19,"column":6},"end":{"line":19,"column":13}},"10":{"start":{"line":22,"column":4},"end":{"line":25,"column":5}},"11":{"start":{"line":23,"column":6},"end":{"line":23,"column":40}},"12":{"start":{"line":24,"column":6},"end":{"line":24,"column":13}},"13":{"start":{"line":27,"column":19},"end":{"line":27,"column":63}},"14":{"start":{"line":29,"column":21},"end":{"line":36,"column":6}},"15":{"start":{"line":38,"column":17},"end":{"line":38,"column":38}},"16":{"start":{"line":40,"column":4},"end":{"line":47,"column":5}},"17":{"start":{"line":41,"column":6},"end":{"line":41,"column":27}},"18":{"start":{"line":42,"column":6},"end":{"line":42,"column":13}},"19":{"start":{"line":44,"column":6},"end":{"line":44,"column":19}},"20":{"start":{"line":45,"column":6},"end":{"line":45,"column":57}},"21":{"start":{"line":46,"column":6},"end":{"line":46,"column":23}},"22":{"start":{"line":50,"column":2},"end":{"line":72,"column":4}},"23":{"start":{"line":57,"column":25},"end":{"line":57,"column":56}},"24":{"start":{"line":64,"column":25},"end":{"line":64,"column":54}}},"fnMap":{"0":{"name":"EditReport","decl":{"start":{"line":6,"column":9},"end":{"line":6,"column":19}},"loc":{"start":{"line":6,"column":61},"end":{"line":73,"column":1}},"line":6},"1":{"name":"(anonymous_1)","decl":{"start":{"line":14,"column":27},"end":{"line":14,"column":28}},"loc":{"start":{"line":14,"column":40},"end":{"line":48,"column":3}},"line":14},"2":{"name":"(anonymous_2)","decl":{"start":{"line":57,"column":18},"end":{"line":57,"column":19}},"loc":{"start":{"line":57,"column":25},"end":{"line":57,"column":56}},"line":57},"3":{"name":"(anonymous_3)","decl":{"start":{"line":64,"column":18},"end":{"line":64,"column":19}},"loc":{"start":{"line":64,"column":25},"end":{"line":64,"column":54}},"line":64}},"branchMap":{"0":{"loc":{"start":{"line":17,"column":4},"end":{"line":20,"column":5}},"type":"if","locations":[{"start":{"line":17,"column":4},"end":{"line":20,"column":5}},{"start":{},"end":{}}],"line":17},"1":{"loc":{"start":{"line":17,"column":8},"end":{"line":17,"column":43}},"type":"binary-expr","locations":[{"start":{"line":17,"column":8},"end":{"line":17,"column":28}},{"start":{"line":17,"column":32},"end":{"line":17,"column":43}}],"line":17},"2":{"loc":{"start":{"line":22,"column":4},"end":{"line":25,"column":5}},"type":"if","locations":[{"start":{"line":22,"column":4},"end":{"line":25,"column":5}},{"start":{},"end":{}}],"line":22},"3":{"loc":{"start":{"line":40,"column":4},"end":{"line":47,"column":5}},"type":"if","locations":[{"start":{"line":40,"column":4},"end":{"line":47,"column":5}},{"start":{"line":43,"column":11},"end":{"line":47,"column":5}}],"line":40},"4":{"loc":{"start":{"line":70,"column":7},"end":{"line":70,"column":52}},"type":"binary-expr","locations":[{"start":{"line":70,"column":7},"end":{"line":70,"column":12}},{"start":{"line":70,"column":16},"end":{"line":70,"column":52}}],"line":70}},"s":{"0":15,"1":15,"2":15,"3":15,"4":15,"5":15,"6":0,"7":0,"8":0,"9":0,"10":0,"11":0,"12":0,"13":0,"14":0,"15":0,"16":0,"17":0,"18":0,"19":0,"20":0,"21":0,"22":15,"23":10,"24":2},"f":{"0":15,"1":0,"2":10,"3":2},"b":{"0":[0,0],"1":[0,0],"2":[0,0],"3":[0,0],"4":[15,0]},"_coverageSchema":"1a1c01bbd47fc00a2c39e90264f33305004495a9","hash":"9ebbf5fec37bff98399cccff81071ec7db43573c"}
,"/home/apolimax/www/youtube/netninja/mern/frontend/src/components/Navbar.js": {"path":"/home/apolimax/www/youtube/netninja/mern/frontend/src/components/Navbar.js","statementMap":{"0":{"start":{"line":5,"column":15},"end":{"line":35,"column":1}},"1":{"start":{"line":6,"column":17},"end":{"line":6,"column":28}},"2":{"start":{"line":7,"column":19},"end":{"line":7,"column":35}},"3":{"start":{"line":9,"column":23},"end":{"line":11,"column":3}},"4":{"start":{"line":10,"column":4},"end":{"line":10,"column":13}},"5":{"start":{"line":13,"column":2},"end":{"line":34,"column":4}}},"fnMap":{"0":{"name":"(anonymous_0)","decl":{"start":{"line":5,"column":15},"end":{"line":5,"column":16}},"loc":{"start":{"line":5,"column":21},"end":{"line":35,"column":1}},"line":5},"1":{"name":"(anonymous_1)","decl":{"start":{"line":9,"column":23},"end":{"line":9,"column":24}},"loc":{"start":{"line":9,"column":29},"end":{"line":11,"column":3}},"line":9}},"branchMap":{"0":{"loc":{"start":{"line":20,"column":11},"end":{"line":30,"column":11}},"type":"cond-expr","locations":[{"start":{"line":21,"column":12},"end":{"line":24,"column":18}},{"start":{"line":26,"column":12},"end":{"line":29,"column":18}}],"line":20}},"s":{"0":1,"1":1,"2":1,"3":1,"4":0,"5":1},"f":{"0":1,"1":0},"b":{"0":[1,0]},"_coverageSchema":"1a1c01bbd47fc00a2c39e90264f33305004495a9","hash":"4c9a90bd0e492a38a7f477465670b3b666939203"}
,"/home/apolimax/www/youtube/netninja/mern/frontend/src/components/ReportDetails.js": {"path":"/home/apolimax/www/youtube/netninja/mern/frontend/src/components/ReportDetails.js","statementMap":{"0":{"start":{"line":3,"column":22},"end":{"line":27,"column":1}},"1":{"start":{"line":4,"column":2},"end":{"line":26,"column":4}},"2":{"start":{"line":20,"column":25},"end":{"line":20,"column":48}}},"fnMap":{"0":{"name":"(anonymous_0)","decl":{"start":{"line":3,"column":22},"end":{"line":3,"column":23}},"loc":{"start":{"line":3,"column":51},"end":{"line":27,"column":1}},"line":3},"1":{"name":"(anonymous_1)","decl":{"start":{"line":20,"column":19},"end":{"line":20,"column":20}},"loc":{"start":{"line":20,"column":25},"end":{"line":20,"column":48}},"line":20}},"branchMap":{},"s":{"0":2,"1":3,"2":0},"f":{"0":3,"1":0},"b":{},"_coverageSchema":"1a1c01bbd47fc00a2c39e90264f33305004495a9","hash":"21307606306c329cecf3c655a78122927fc6db38"}
,"/home/apolimax/www/youtube/netninja/mern/frontend/src/components/ReportForm.js": {"path":"/home/apolimax/www/youtube/netninja/mern/frontend/src/components/ReportForm.js","statementMap":{"0":{"start":{"line":5,"column":19},"end":{"line":74,"column":1}},"1":{"start":{"line":6,"column":23},"end":{"line":6,"column":47}},"2":{"start":{"line":7,"column":19},"end":{"line":7,"column":35}},"3":{"start":{"line":9,"column":32},"end":{"line":9,"column":44}},"4":{"start":{"line":10,"column":28},"end":{"line":10,"column":40}},"5":{"start":{"line":11,"column":28},"end":{"line":11,"column":42}},"6":{"start":{"line":12,"column":40},"end":{"line":12,"column":52}},"7":{"start":{"line":14,"column":23},"end":{"line":45,"column":3}},"8":{"start":{"line":15,"column":4},"end":{"line":15,"column":23}},"9":{"start":{"line":17,"column":4},"end":{"line":20,"column":5}},"10":{"start":{"line":18,"column":6},"end":{"line":18,"column":40}},"11":{"start":{"line":19,"column":6},"end":{"line":19,"column":13}},"12":{"start":{"line":22,"column":19},"end":{"line":22,"column":37}},"13":{"start":{"line":24,"column":21},"end":{"line":31,"column":6}},"14":{"start":{"line":32,"column":17},"end":{"line":32,"column":38}},"15":{"start":{"line":34,"column":4},"end":{"line":37,"column":5}},"16":{"start":{"line":35,"column":6},"end":{"line":35,"column":27}},"17":{"start":{"line":36,"column":6},"end":{"line":36,"column":39}},"18":{"start":{"line":38,"column":4},"end":{"line":44,"column":5}},"19":{"start":{"line":39,"column":6},"end":{"line":39,"column":25}},"20":{"start":{"line":40,"column":6},"end":{"line":40,"column":21}},"21":{"start":{"line":41,"column":6},"end":{"line":41,"column":21}},"22":{"start":{"line":42,"column":6},"end":{"line":42,"column":19}},"23":{"start":{"line":43,"column":6},"end":{"line":43,"column":57}},"24":{"start":{"line":47,"column":2},"end":{"line":73,"column":4}},"25":{"start":{"line":55,"column":27},"end":{"line":55,"column":53}},"26":{"start":{"line":64,"column":27},"end":{"line":64,"column":51}}},"fnMap":{"0":{"name":"(anonymous_0)","decl":{"start":{"line":5,"column":19},"end":{"line":5,"column":20}},"loc":{"start":{"line":5,"column":25},"end":{"line":74,"column":1}},"line":5},"1":{"name":"(anonymous_1)","decl":{"start":{"line":14,"column":23},"end":{"line":14,"column":24}},"loc":{"start":{"line":14,"column":36},"end":{"line":45,"column":3}},"line":14},"2":{"name":"(anonymous_2)","decl":{"start":{"line":55,"column":20},"end":{"line":55,"column":21}},"loc":{"start":{"line":55,"column":27},"end":{"line":55,"column":53}},"line":55},"3":{"name":"(anonymous_3)","decl":{"start":{"line":64,"column":20},"end":{"line":64,"column":21}},"loc":{"start":{"line":64,"column":27},"end":{"line":64,"column":51}},"line":64}},"branchMap":{"0":{"loc":{"start":{"line":17,"column":4},"end":{"line":20,"column":5}},"type":"if","locations":[{"start":{"line":17,"column":4},"end":{"line":20,"column":5}},{"start":{},"end":{}}],"line":17},"1":{"loc":{"start":{"line":34,"column":4},"end":{"line":37,"column":5}},"type":"if","locations":[{"start":{"line":34,"column":4},"end":{"line":37,"column":5}},{"start":{},"end":{}}],"line":34},"2":{"loc":{"start":{"line":38,"column":4},"end":{"line":44,"column":5}},"type":"if","locations":[{"start":{"line":38,"column":4},"end":{"line":44,"column":5}},{"start":{},"end":{}}],"line":38},"3":{"loc":{"start":{"line":57,"column":21},"end":{"line":57,"column":67}},"type":"cond-expr","locations":[{"start":{"line":57,"column":55},"end":{"line":57,"column":62}},{"start":{"line":57,"column":65},"end":{"line":57,"column":67}}],"line":57},"4":{"loc":{"start":{"line":66,"column":21},"end":{"line":66,"column":65}},"type":"cond-expr","locations":[{"start":{"line":66,"column":53},"end":{"line":66,"column":60}},{"start":{"line":66,"column":63},"end":{"line":66,"column":65}}],"line":66},"5":{"loc":{"start":{"line":70,"column":9},"end":{"line":70,"column":54}},"type":"binary-expr","locations":[{"start":{"line":70,"column":9},"end":{"line":70,"column":14}},{"start":{"line":70,"column":18},"end":{"line":70,"column":54}}],"line":70}},"s":{"0":2,"1":10,"2":10,"3":10,"4":10,"5":10,"6":10,"7":10,"8":0,"9":0,"10":0,"11":0,"12":0,"13":0,"14":0,"15":0,"16":0,"17":0,"18":0,"19":0,"20":0,"21":0,"22":0,"23":0,"24":10,"25":6,"26":1},"f":{"0":10,"1":0,"2":6,"3":1},"b":{"0":[0,0],"1":[0,0],"2":[0,0],"3":[0,10],"4":[0,10],"5":[10,0]},"_coverageSchema":"1a1c01bbd47fc00a2c39e90264f33305004495a9","hash":"dd392e84ec5e3d77c6ea0034fa3ae8fe2f808e65"}
,"/home/apolimax/www/youtube/netninja/mern/frontend/src/context/schoolReportContext.js": {"path":"/home/apolimax/www/youtube/netninja/mern/frontend/src/context/schoolReportContext.js","statementMap":{"0":{"start":{"line":4,"column":35},"end":{"line":4,"column":50}},"1":{"start":{"line":6,"column":36},"end":{"line":34,"column":1}},"2":{"start":{"line":7,"column":2},"end":{"line":33,"column":3}},"3":{"start":{"line":9,"column":6},"end":{"line":11,"column":8}},"4":{"start":{"line":13,"column":6},"end":{"line":15,"column":8}},"5":{"start":{"line":17,"column":6},"end":{"line":21,"column":8}},"6":{"start":{"line":19,"column":22},"end":{"line":19,"column":55}},"7":{"start":{"line":23,"column":6},"end":{"line":30,"column":8}},"8":{"start":{"line":25,"column":10},"end":{"line":27,"column":11}},"9":{"start":{"line":26,"column":12},"end":{"line":26,"column":34}},"10":{"start":{"line":28,"column":10},"end":{"line":28,"column":24}},"11":{"start":{"line":32,"column":6},"end":{"line":32,"column":19}},"12":{"start":{"line":36,"column":43},"end":{"line":67,"column":1}},"13":{"start":{"line":37,"column":28},"end":{"line":39,"column":4}},"14":{"start":{"line":41,"column":19},"end":{"line":41,"column":35}},"15":{"start":{"line":43,"column":2},"end":{"line":60,"column":23}},"16":{"start":{"line":44,"column":31},"end":{"line":55,"column":5}},"17":{"start":{"line":45,"column":23},"end":{"line":49,"column":8}},"18":{"start":{"line":50,"column":19},"end":{"line":50,"column":40}},"19":{"start":{"line":52,"column":6},"end":{"line":54,"column":7}},"20":{"start":{"line":53,"column":8},"end":{"line":53,"column":57}},"21":{"start":{"line":57,"column":4},"end":{"line":59,"column":5}},"22":{"start":{"line":58,"column":6},"end":{"line":58,"column":27}},"23":{"start":{"line":62,"column":2},"end":{"line":66,"column":4}}},"fnMap":{"0":{"name":"(anonymous_0)","decl":{"start":{"line":6,"column":36},"end":{"line":6,"column":37}},"loc":{"start":{"line":6,"column":55},"end":{"line":34,"column":1}},"line":6},"1":{"name":"(anonymous_1)","decl":{"start":{"line":19,"column":10},"end":{"line":19,"column":11}},"loc":{"start":{"line":19,"column":22},"end":{"line":19,"column":55}},"line":19},"2":{"name":"(anonymous_2)","decl":{"start":{"line":24,"column":35},"end":{"line":24,"column":36}},"loc":{"start":{"line":24,"column":47},"end":{"line":29,"column":9}},"line":24},"3":{"name":"(anonymous_3)","decl":{"start":{"line":36,"column":43},"end":{"line":36,"column":44}},"loc":{"start":{"line":36,"column":61},"end":{"line":67,"column":1}},"line":36},"4":{"name":"(anonymous_4)","decl":{"start":{"line":43,"column":12},"end":{"line":43,"column":13}},"loc":{"start":{"line":43,"column":18},"end":{"line":60,"column":3}},"line":43},"5":{"name":"(anonymous_5)","decl":{"start":{"line":44,"column":31},"end":{"line":44,"column":32}},"loc":{"start":{"line":44,"column":43},"end":{"line":55,"column":5}},"line":44}},"branchMap":{"0":{"loc":{"start":{"line":7,"column":2},"end":{"line":33,"column":3}},"type":"switch","locations":[{"start":{"line":8,"column":4},"end":{"line":11,"column":8}},{"start":{"line":12,"column":4},"end":{"line":15,"column":8}},{"start":{"line":16,"column":4},"end":{"line":21,"column":8}},{"start":{"line":22,"column":4},"end":{"line":30,"column":8}},{"start":{"line":31,"column":4},"end":{"line":32,"column":19}}],"line":7},"1":{"loc":{"start":{"line":25,"column":10},"end":{"line":27,"column":11}},"type":"if","locations":[{"start":{"line":25,"column":10},"end":{"line":27,"column":11}},{"start":{},"end":{}}],"line":25},"2":{"loc":{"start":{"line":52,"column":6},"end":{"line":54,"column":7}},"type":"if","locations":[{"start":{"line":52,"column":6},"end":{"line":54,"column":7}},{"start":{},"end":{}}],"line":52},"3":{"loc":{"start":{"line":57,"column":4},"end":{"line":59,"column":5}},"type":"if","locations":[{"start":{"line":57,"column":4},"end":{"line":59,"column":5}},{"start":{},"end":{}}],"line":57}},"s":{"0":6,"1":6,"2":0,"3":0,"4":0,"5":0,"6":0,"7":0,"8":0,"9":0,"10":0,"11":0,"12":6,"13":0,"14":0,"15":0,"16":0,"17":0,"18":0,"19":0,"20":0,"21":0,"22":0,"23":0},"f":{"0":0,"1":0,"2":0,"3":0,"4":0,"5":0},"b":{"0":[0,0,0,0,0],"1":[0,0],"2":[0,0],"3":[0,0]},"_coverageSchema":"1a1c01bbd47fc00a2c39e90264f33305004495a9","hash":"911738edd624dfeec64c1c02cce6561519271c36"}
,"/home/apolimax/www/youtube/netninja/mern/frontend/src/hooks/useSchoolReportContext.js": {"path":"/home/apolimax/www/youtube/netninja/mern/frontend/src/hooks/useSchoolReportContext.js","statementMap":{"0":{"start":{"line":4,"column":38},"end":{"line":14,"column":1}},"1":{"start":{"line":5,"column":18},"end":{"line":5,"column":49}},"2":{"start":{"line":7,"column":2},"end":{"line":11,"column":3}},"3":{"start":{"line":8,"column":4},"end":{"line":10,"column":6}},"4":{"start":{"line":13,"column":2},"end":{"line":13,"column":17}}},"fnMap":{"0":{"name":"(anonymous_0)","decl":{"start":{"line":4,"column":38},"end":{"line":4,"column":39}},"loc":{"start":{"line":4,"column":44},"end":{"line":14,"column":1}},"line":4}},"branchMap":{"0":{"loc":{"start":{"line":7,"column":2},"end":{"line":11,"column":3}},"type":"if","locations":[{"start":{"line":7,"column":2},"end":{"line":11,"column":3}},{"start":{},"end":{}}],"line":7}},"s":{"0":5,"1":27,"2":27,"3":0,"4":27},"f":{"0":27},"b":{"0":[0,27]},"_coverageSchema":"1a1c01bbd47fc00a2c39e90264f33305004495a9","hash":"4c9ab93d587a0c61c9f56447005d70d2a4a370b9"}
,"/home/apolimax/www/youtube/netninja/mern/frontend/src/mocks/handlers.js": {"path":"/home/apolimax/www/youtube/netninja/mern/frontend/src/mocks/handlers.js","statementMap":{"0":{"start":{"line":3,"column":24},"end":{"line":39,"column":1}},"1":{"start":{"line":5,"column":4},"end":{"line":27,"column":6}},"2":{"start":{"line":30,"column":4},"end":{"line":37,"column":6}}},"fnMap":{"0":{"name":"(anonymous_0)","decl":{"start":{"line":4,"column":48},"end":{"line":4,"column":49}},"loc":{"start":{"line":4,"column":67},"end":{"line":28,"column":3}},"line":4},"1":{"name":"(anonymous_1)","decl":{"start":{"line":29,"column":47},"end":{"line":29,"column":48}},"loc":{"start":{"line":29,"column":66},"end":{"line":38,"column":3}},"line":29}},"branchMap":{},"s":{"0":6,"1":0,"2":0},"f":{"0":0,"1":0},"b":{},"_coverageSchema":"1a1c01bbd47fc00a2c39e90264f33305004495a9","hash":"df5e265b2223ae970899ec7a880fadd7becfd29d"}
,"/home/apolimax/www/youtube/netninja/mern/frontend/src/mocks/server.js": {"path":"/home/apolimax/www/youtube/netninja/mern/frontend/src/mocks/server.js","statementMap":{"0":{"start":{"line":6,"column":22},"end":{"line":6,"column":46}}},"fnMap":{},"branchMap":{},"s":{"0":6},"f":{},"b":{},"_coverageSchema":"1a1c01bbd47fc00a2c39e90264f33305004495a9","hash":"124dfa1eeb15b904a65bd0b77cac958a0ea95a0d"}
,"/home/apolimax/www/youtube/netninja/mern/frontend/src/pages/Home.js": {"path":"/home/apolimax/www/youtube/netninja/mern/frontend/src/pages/Home.js","statementMap":{"0":{"start":{"line":7,"column":13},"end":{"line":42,"column":1}},"1":{"start":{"line":8,"column":32},"end":{"line":8,"column":56}},"2":{"start":{"line":9,"column":19},"end":{"line":9,"column":35}},"3":{"start":{"line":11,"column":29},"end":{"line":25,"column":3}},"4":{"start":{"line":12,"column":4},"end":{"line":12,"column":22}},"5":{"start":{"line":12,"column":15},"end":{"line":12,"column":22}},"6":{"start":{"line":14,"column":21},"end":{"line":19,"column":6}},"7":{"start":{"line":20,"column":17},"end":{"line":20,"column":38}},"8":{"start":{"line":22,"column":4},"end":{"line":24,"column":5}},"9":{"start":{"line":23,"column":6},"end":{"line":23,"column":57}},"10":{"start":{"line":27,"column":2},"end":{"line":41,"column":4}},"11":{"start":{"line":32,"column":12},"end":{"line":36,"column":14}}},"fnMap":{"0":{"name":"(anonymous_0)","decl":{"start":{"line":7,"column":13},"end":{"line":7,"column":14}},"loc":{"start":{"line":7,"column":19},"end":{"line":42,"column":1}},"line":7},"1":{"name":"(anonymous_1)","decl":{"start":{"line":11,"column":29},"end":{"line":11,"column":30}},"loc":{"start":{"line":11,"column":50},"end":{"line":25,"column":3}},"line":11},"2":{"name":"(anonymous_2)","decl":{"start":{"line":31,"column":22},"end":{"line":31,"column":23}},"loc":{"start":{"line":32,"column":12},"end":{"line":36,"column":14}},"line":32}},"branchMap":{"0":{"loc":{"start":{"line":12,"column":4},"end":{"line":12,"column":22}},"type":"if","locations":[{"start":{"line":12,"column":4},"end":{"line":12,"column":22}},{"start":{},"end":{}}],"line":12},"1":{"loc":{"start":{"line":22,"column":4},"end":{"line":24,"column":5}},"type":"if","locations":[{"start":{"line":22,"column":4},"end":{"line":24,"column":5}},{"start":{},"end":{}}],"line":22},"2":{"loc":{"start":{"line":30,"column":9},"end":{"line":37,"column":12}},"type":"binary-expr","locations":[{"start":{"line":30,"column":9},"end":{"line":30,"column":16}},{"start":{"line":31,"column":10},"end":{"line":37,"column":12}}],"line":30}},"s":{"0":1,"1":1,"2":1,"3":1,"4":0,"5":0,"6":0,"7":0,"8":0,"9":0,"10":1,"11":2},"f":{"0":1,"1":0,"2":2},"b":{"0":[0,0],"1":[0,0],"2":[1,1]},"_coverageSchema":"1a1c01bbd47fc00a2c39e90264f33305004495a9","hash":"4eee28b75e410fd494d6a250fd2ee84708b15b80"}
,"/home/apolimax/www/youtube/netninja/mern/frontend/src/pages/Signin.js": {"path":"/home/apolimax/www/youtube/netninja/mern/frontend/src/pages/Signin.js","statementMap":{"0":{"start":{"line":4,"column":15},"end":{"line":43,"column":1}},"1":{"start":{"line":5,"column":28},"end":{"line":5,"column":40}},"2":{"start":{"line":6,"column":34},"end":{"line":6,"column":46}},"3":{"start":{"line":8,"column":38},"end":{"line":8,"column":48}},"4":{"start":{"line":10,"column":23},"end":{"line":14,"column":3}},"5":{"start":{"line":11,"column":4},"end":{"line":11,"column":23}},"6":{"start":{"line":13,"column":4},"end":{"line":13,"column":33}},"7":{"start":{"line":16,"column":2},"end":{"line":42,"column":4}},"8":{"start":{"line":26,"column":25},"end":{"line":26,"column":49}},"9":{"start":{"line":34,"column":25},"end":{"line":34,"column":52}}},"fnMap":{"0":{"name":"(anonymous_0)","decl":{"start":{"line":4,"column":15},"end":{"line":4,"column":16}},"loc":{"start":{"line":4,"column":21},"end":{"line":43,"column":1}},"line":4},"1":{"name":"(anonymous_1)","decl":{"start":{"line":10,"column":23},"end":{"line":10,"column":24}},"loc":{"start":{"line":10,"column":36},"end":{"line":14,"column":3}},"line":10},"2":{"name":"(anonymous_2)","decl":{"start":{"line":26,"column":18},"end":{"line":26,"column":19}},"loc":{"start":{"line":26,"column":25},"end":{"line":26,"column":49}},"line":26},"3":{"name":"(anonymous_3)","decl":{"start":{"line":34,"column":18},"end":{"line":34,"column":19}},"loc":{"start":{"line":34,"column":25},"end":{"line":34,"column":52}},"line":34}},"branchMap":{"0":{"loc":{"start":{"line":40,"column":7},"end":{"line":40,"column":52}},"type":"binary-expr","locations":[{"start":{"line":40,"column":7},"end":{"line":40,"column":12}},{"start":{"line":40,"column":16},"end":{"line":40,"column":52}}],"line":40}},"s":{"0":1,"1":19,"2":19,"3":19,"4":19,"5":0,"6":0,"7":19,"8":13,"9":3},"f":{"0":19,"1":0,"2":13,"3":3},"b":{"0":[19,1]},"_coverageSchema":"1a1c01bbd47fc00a2c39e90264f33305004495a9","hash":"765e3d62b17ede4e11c391ea420773858c7daf0e"}
}
