TN:
SF:src/test-utils.js
FN:10,(anonymous_0)
FN:49,(anonymous_1)
FNF:2
FNH:2
FNDA:11,(anonymous_0)
FNDA:11,(anonymous_1)
DA:10,6
DA:11,11
DA:17,11
DA:38,11
DA:49,6
DA:50,11
LF:6
LH:6
BRF:0
BRH:0
end_of_record
TN:
SF:src/components/EditReport.js
FN:6,EditReport
FN:14,(anonymous_1)
FN:57,(anonymous_2)
FN:64,(anonymous_3)
FNF:4
FNH:3
FNDA:15,EditReport
FNDA:0,(anonymous_1)
FNDA:10,(anonymous_2)
FNDA:2,(anonymous_3)
DA:7,15
DA:8,15
DA:10,15
DA:11,15
DA:12,15
DA:14,15
DA:15,0
DA:17,0
DA:18,0
DA:19,0
DA:22,0
DA:23,0
DA:24,0
DA:27,0
DA:29,0
DA:38,0
DA:40,0
DA:41,0
DA:42,0
DA:44,0
DA:45,0
DA:46,0
DA:50,15
DA:57,10
DA:64,2
LF:25
LH:9
BRDA:17,0,0,0
BRDA:17,0,1,0
BRDA:17,1,0,0
BRDA:17,1,1,0
BRDA:22,2,0,0
BRDA:22,2,1,0
BRDA:40,3,0,0
BRDA:40,3,1,0
BRDA:70,4,0,15
BRDA:70,4,1,0
BRF:10
BRH:1
end_of_record
TN:
SF:src/components/Navbar.js
FN:5,(anonymous_0)
FN:9,(anonymous_1)
FNF:2
FNH:1
FNDA:1,(anonymous_0)
FNDA:0,(anonymous_1)
DA:5,1
DA:6,1
DA:7,1
DA:9,1
DA:10,0
DA:13,1
LF:6
LH:5
BRDA:20,0,0,1
BRDA:20,0,1,0
BRF:2
BRH:1
end_of_record
TN:
SF:src/components/ReportDetails.js
FN:3,(anonymous_0)
FN:20,(anonymous_1)
FNF:2
FNH:1
FNDA:3,(anonymous_0)
FNDA:0,(anonymous_1)
DA:3,2
DA:4,3
DA:20,0
LF:3
LH:2
BRF:0
BRH:0
end_of_record
TN:
SF:src/components/ReportForm.js
FN:5,(anonymous_0)
FN:14,(anonymous_1)
FN:55,(anonymous_2)
FN:64,(anonymous_3)
FNF:4
FNH:3
FNDA:10,(anonymous_0)
FNDA:0,(anonymous_1)
FNDA:6,(anonymous_2)
FNDA:1,(anonymous_3)
DA:5,2
DA:6,10
DA:7,10
DA:9,10
DA:10,10
DA:11,10
DA:12,10
DA:14,10
DA:15,0
DA:17,0
DA:18,0
DA:19,0
DA:22,0
DA:24,0
DA:32,0
DA:34,0
DA:35,0
DA:36,0
DA:38,0
DA:39,0
DA:40,0
DA:41,0
DA:42,0
DA:43,0
DA:47,10
DA:55,6
DA:64,1
LF:27
LH:11
BRDA:17,0,0,0
BRDA:17,0,1,0
BRDA:34,1,0,0
BRDA:34,1,1,0
BRDA:38,2,0,0
BRDA:38,2,1,0
BRDA:57,3,0,0
BRDA:57,3,1,10
BRDA:66,4,0,0
BRDA:66,4,1,10
BRDA:70,5,0,10
BRDA:70,5,1,0
BRF:12
BRH:3
end_of_record
TN:
SF:src/context/schoolReportContext.js
FN:6,(anonymous_0)
FN:19,(anonymous_1)
FN:24,(anonymous_2)
FN:36,(anonymous_3)
FN:43,(anonymous_4)
FN:44,(anonymous_5)
FNF:6
FNH:0
FNDA:0,(anonymous_0)
FNDA:0,(anonymous_1)
FNDA:0,(anonymous_2)
FNDA:0,(anonymous_3)
FNDA:0,(anonymous_4)
FNDA:0,(anonymous_5)
DA:4,6
DA:6,6
DA:7,0
DA:9,0
DA:13,0
DA:17,0
DA:19,0
DA:23,0
DA:25,0
DA:26,0
DA:28,0
DA:32,0
DA:36,6
DA:37,0
DA:41,0
DA:43,0
DA:44,0
DA:45,0
DA:50,0
DA:52,0
DA:53,0
DA:57,0
DA:58,0
DA:62,0
LF:24
LH:3
BRDA:7,0,0,0
BRDA:7,0,1,0
BRDA:7,0,2,0
BRDA:7,0,3,0
BRDA:7,0,4,0
BRDA:25,1,0,0
BRDA:25,1,1,0
BRDA:52,2,0,0
BRDA:52,2,1,0
BRDA:57,3,0,0
BRDA:57,3,1,0
BRF:11
BRH:0
end_of_record
TN:
SF:src/hooks/useSchoolReportContext.js
FN:4,(anonymous_0)
FNF:1
FNH:1
FNDA:27,(anonymous_0)
DA:4,5
DA:5,27
DA:7,27
DA:8,0
DA:13,27
LF:5
LH:4
BRDA:7,0,0,0
BRDA:7,0,1,27
BRF:2
BRH:1
end_of_record
TN:
SF:src/mocks/handlers.js
FN:4,(anonymous_0)
FN:29,(anonymous_1)
FNF:2
FNH:0
FNDA:0,(anonymous_0)
FNDA:0,(anonymous_1)
DA:3,6
DA:5,0
DA:30,0
LF:3
LH:1
BRF:0
BRH:0
end_of_record
TN:
SF:src/mocks/server.js
FNF:0
FNH:0
DA:6,6
LF:1
LH:1
BRF:0
BRH:0
end_of_record
TN:
SF:src/pages/Home.js
FN:7,(anonymous_0)
FN:11,(anonymous_1)
FN:31,(anonymous_2)
FNF:3
FNH:2
FNDA:1,(anonymous_0)
FNDA:0,(anonymous_1)
FNDA:2,(anonymous_2)
DA:7,1
DA:8,1
DA:9,1
DA:11,1
DA:12,0
DA:14,0
DA:20,0
DA:22,0
DA:23,0
DA:27,1
DA:32,2
LF:11
LH:6
BRDA:12,0,0,0
BRDA:12,0,1,0
BRDA:22,1,0,0
BRDA:22,1,1,0
BRDA:30,2,0,1
BRDA:30,2,1,1
BRF:6
BRH:2
end_of_record
TN:
SF:src/pages/Signin.js
FN:4,(anonymous_0)
FN:10,(anonymous_1)
FN:26,(anonymous_2)
FN:34,(anonymous_3)
FNF:4
FNH:3
FNDA:19,(anonymous_0)
FNDA:0,(anonymous_1)
FNDA:13,(anonymous_2)
FNDA:3,(anonymous_3)
DA:4,1
DA:5,19
DA:6,19
DA:8,19
DA:10,19
DA:11,0
DA:13,0
DA:16,19
DA:26,13
DA:34,3
LF:10
LH:8
BRDA:40,0,0,19
BRDA:40,0,1,1
BRF:2
BRH:2
end_of_record
